2021-03-23 13:13:13.650  INFO 2117 --- [restartedMain] com.chao.BlogApplication                 : Starting BlogApplication using Java 1.8.0_271 on MacBook-Pro-Dexter.local with PID 2117 (/Volumes/mac-Code/项目/个人博客/blog/target/classes started by dexter in /Volumes/mac-Code/项目/个人博客/blog)
2021-03-23 13:13:13.653  INFO 2117 --- [restartedMain] com.chao.BlogApplication                 : No active profile set, falling back to default profiles: default
2021-03-23 13:13:13.684  INFO 2117 --- [restartedMain] .e.DevToolsPropertyDefaultsPostProcessor : Devtools property defaults active! Set 'spring.devtools.add-properties' to 'false' to disable
2021-03-23 13:13:13.684  INFO 2117 --- [restartedMain] .e.DevToolsPropertyDefaultsPostProcessor : For additional web related logging consider setting the 'logging.level.web' property to 'DEBUG'
2021-03-23 13:13:14.129  INFO 2117 --- [restartedMain] .s.d.r.c.RepositoryConfigurationDelegate : Bootstrapping Spring Data JPA repositories in DEFAULT mode.
2021-03-23 13:13:14.139  INFO 2117 --- [restartedMain] .s.d.r.c.RepositoryConfigurationDelegate : Finished Spring Data repository scanning in 3 ms. Found 0 JPA repository interfaces.
2021-03-23 13:13:14.539  INFO 2117 --- [restartedMain] o.s.b.w.embedded.tomcat.TomcatWebServer  : Tomcat initialized with port(s): 8080 (http)
2021-03-23 13:13:14.545  INFO 2117 --- [restartedMain] o.apache.catalina.core.StandardService   : Starting service [Tomcat]
2021-03-23 13:13:14.546  INFO 2117 --- [restartedMain] org.apache.catalina.core.StandardEngine  : Starting Servlet engine: [Apache Tomcat/9.0.44]
2021-03-23 13:13:14.599  INFO 2117 --- [restartedMain] o.a.c.c.C.[Tomcat].[localhost].[/]       : Initializing Spring embedded WebApplicationContext
2021-03-23 13:13:14.600  INFO 2117 --- [restartedMain] w.s.c.ServletWebServerApplicationContext : Root WebApplicationContext: initialization completed in 915 ms
2021-03-23 13:13:14.722  INFO 2117 --- [restartedMain] o.hibernate.jpa.internal.util.LogHelper  : HHH000204: Processing PersistenceUnitInfo [name: default]
2021-03-23 13:13:14.752  INFO 2117 --- [restartedMain] org.hibernate.Version                    : HHH000412: Hibernate ORM core version 5.4.29.Final
2021-03-23 13:13:14.831  INFO 2117 --- [restartedMain] o.hibernate.annotations.common.Version   : HCANN000001: Hibernate Commons Annotations {5.1.2.Final}
2021-03-23 13:13:14.951  INFO 2117 --- [restartedMain] com.zaxxer.hikari.HikariDataSource       : HikariPool-1 - Starting...
2021-03-23 13:13:14.952  WARN 2117 --- [restartedMain] com.zaxxer.hikari.util.DriverDataSource  : Registered driver with driverClassName=com.mysql.jdbc.Driver was not found, trying direct instantiation.
2021-03-23 13:13:15.217  INFO 2117 --- [restartedMain] com.zaxxer.hikari.HikariDataSource       : HikariPool-1 - Start completed.
2021-03-23 13:13:15.228  INFO 2117 --- [restartedMain] org.hibernate.dialect.Dialect            : HHH000400: Using dialect: org.hibernate.dialect.MySQL57Dialect
2021-03-23 13:13:15.345  INFO 2117 --- [restartedMain] o.h.e.t.j.p.i.JtaPlatformInitiator       : HHH000490: Using JtaPlatform implementation: [org.hibernate.engine.transaction.jta.platform.internal.NoJtaPlatform]
2021-03-23 13:13:15.352  INFO 2117 --- [restartedMain] j.LocalContainerEntityManagerFactoryBean : Initialized JPA EntityManagerFactory for persistence unit 'default'
2021-03-23 13:13:15.375  INFO 2117 --- [restartedMain] o.s.b.d.a.OptionalLiveReloadServer       : LiveReload server is running on port 35729
2021-03-23 13:13:15.405  WARN 2117 --- [restartedMain] JpaBaseConfiguration$JpaWebConfiguration : spring.jpa.open-in-view is enabled by default. Therefore, database queries may be performed during view rendering. Explicitly configure spring.jpa.open-in-view to disable this warning
2021-03-23 13:13:15.505  INFO 2117 --- [restartedMain] o.s.s.concurrent.ThreadPoolTaskExecutor  : Initializing ExecutorService 'applicationTaskExecutor'
2021-03-23 13:13:15.601  WARN 2117 --- [restartedMain] ion$DefaultTemplateResolverConfiguration : Cannot find template location: classpath:/templates/ (please add some templates or check your Thymeleaf configuration)
2021-03-23 13:13:15.684  INFO 2117 --- [restartedMain] o.s.b.w.embedded.tomcat.TomcatWebServer  : Tomcat started on port(s): 8080 (http) with context path ''
2021-03-23 13:13:15.693  INFO 2117 --- [restartedMain] com.chao.BlogApplication                 : Started BlogApplication in 2.379 seconds (JVM running for 3.124)
2021-03-23 13:22:53.995  INFO 2117 --- [SpringContextShutdownHook] o.s.s.concurrent.ThreadPoolTaskExecutor  : Shutting down ExecutorService 'applicationTaskExecutor'
2021-03-23 13:22:53.995  INFO 2117 --- [SpringContextShutdownHook] j.LocalContainerEntityManagerFactoryBean : Closing JPA EntityManagerFactory for persistence unit 'default'
2021-03-23 13:22:53.997  INFO 2117 --- [SpringContextShutdownHook] com.zaxxer.hikari.HikariDataSource       : HikariPool-1 - Shutdown initiated...
2021-03-23 13:22:54.003  INFO 2117 --- [SpringContextShutdownHook] com.zaxxer.hikari.HikariDataSource       : HikariPool-1 - Shutdown completed.
